app/build/intermediates/manifest_merge_blame_file/zcashtestnetDebug/manifest-merger-blame-zcashtestnet-debug-report.txt
1<?xml version="1.0" encoding="utf-8"?>
2<manifest xmlns:android="http://schemas.android.com/apk/res/android"
3    package="cash.z.ecc.android.sdk.demoapp.testnet"
4    android:versionCode="1"
5    android:versionName="1.0" >
6
7    <uses-sdk
8        android:minSdkVersion="21"
8-->src/main/AndroidManifest.xml
9        android:targetSdkVersion="29" />
9-->src/main/AndroidManifest.xml
10
11    <uses-permission android:name="android.permission.INTERNET" />
11-->[cash.z.ecc.android:zcash-android-sdk-testnet:1.2.1-beta02] AndroidManifest.xml:11:5-67
11-->[cash.z.ecc.android:zcash-android-sdk-testnet:1.2.1-beta02] AndroidManifest.xml:11:22-64
12    <uses-permission android:name="android.permission.ACCESS_NETWORK_STATE" />
12-->[cash.z.ecc.android:zcash-android-sdk-testnet:1.2.1-beta02] AndroidManifest.xml:12:5-79
12-->[cash.z.ecc.android:zcash-android-sdk-testnet:1.2.1-beta02] AndroidManifest.xml:12:22-76
13
14    <application
14-->src/main/AndroidManifest.xml:6:5-24:19
15        android:name="cash.z.ecc.android.sdk.demoapp.App"
15-->src/main/AndroidManifest.xml:7:9-28
16        android:allowBackup="false"
16-->src/main/AndroidManifest.xml:8:9-36
17        android:appComponentFactory="androidx.core.app.CoreComponentFactory"
17-->[androidx.core:core:1.5.0-alpha02] AndroidManifest.xml:24:18-86
18        android:debuggable="true"
19        android:icon="@mipmap/ic_launcher"
19-->src/main/AndroidManifest.xml:9:9-43
20        android:label="@string/app_name"
20-->src/main/AndroidManifest.xml:10:9-41
21        android:roundIcon="@mipmap/ic_launcher_round"
21-->src/main/AndroidManifest.xml:11:9-54
22        android:supportsRtl="true"
22-->src/main/AndroidManifest.xml:12:9-35
23        android:testOnly="true"
24        android:theme="@style/AppTheme" >
24-->src/main/AndroidManifest.xml:13:9-40
25        <activity
25-->src/main/AndroidManifest.xml:14:9-23:20
26            android:name="cash.z.ecc.android.sdk.demoapp.MainActivity"
26-->src/main/AndroidManifest.xml:15:13-41
27            android:label="@string/app_name"
27-->src/main/AndroidManifest.xml:16:13-45
28            android:theme="@style/AppTheme.NoActionBar" >
28-->src/main/AndroidManifest.xml:17:13-56
29            <intent-filter>
29-->src/main/AndroidManifest.xml:18:13-22:29
30                <action android:name="android.intent.action.MAIN" />
30-->src/main/AndroidManifest.xml:19:17-69
30-->src/main/AndroidManifest.xml:19:25-66
31
32                <category android:name="android.intent.category.LAUNCHER" />
32-->src/main/AndroidManifest.xml:21:17-77
32-->src/main/AndroidManifest.xml:21:27-74
33            </intent-filter>
34        </activity>
35
36        <service
36-->[androidx.room:room-runtime:2.2.5] AndroidManifest.xml:25:9-28:40
37            android:name="androidx.room.MultiInstanceInvalidationService"
37-->[androidx.room:room-runtime:2.2.5] AndroidManifest.xml:26:13-74
38            android:directBootAware="true"
38-->[androidx.room:room-runtime:2.2.5] AndroidManifest.xml:27:13-43
39            android:exported="false" />
39-->[androidx.room:room-runtime:2.2.5] AndroidManifest.xml:28:13-37
40
41        <activity
41-->[com.google.android.gms:play-services-base:17.0.0] AndroidManifest.xml:23:9-26:75
42            android:name="com.google.android.gms.common.api.GoogleApiActivity"
42-->[com.google.android.gms:play-services-base:17.0.0] AndroidManifest.xml:24:13-79
43            android:exported="false"
43-->[com.google.android.gms:play-services-base:17.0.0] AndroidManifest.xml:25:13-37
44            android:theme="@android:style/Theme.Translucent.NoTitleBar" />
44-->[com.google.android.gms:play-services-base:17.0.0] AndroidManifest.xml:26:13-72
45
46        <meta-data
46-->[com.google.android.gms:play-services-basement:17.0.0] AndroidManifest.xml:23:9-25:69
47            android:name="com.google.android.gms.version"
47-->[com.google.android.gms:play-services-basement:17.0.0] AndroidManifest.xml:24:13-58
48            android:value="@integer/google_play_services_version" />
48-->[com.google.android.gms:play-services-basement:17.0.0] AndroidManifest.xml:25:13-66
49
50        <provider
50-->[androidx.lifecycle:lifecycle-process:2.2.0] AndroidManifest.xml:25:9-29:43
51            android:name="androidx.lifecycle.ProcessLifecycleOwnerInitializer"
51-->[androidx.lifecycle:lifecycle-process:2.2.0] AndroidManifest.xml:26:13-79
52            android:authorities="cash.z.ecc.android.sdk.demoapp.testnet.lifecycle-process"
52-->[androidx.lifecycle:lifecycle-process:2.2.0] AndroidManifest.xml:27:13-69
53            android:exported="false"
53-->[androidx.lifecycle:lifecycle-process:2.2.0] AndroidManifest.xml:28:13-37
54            android:multiprocess="true" />
54-->[androidx.lifecycle:lifecycle-process:2.2.0] AndroidManifest.xml:29:13-40
55    </application>
56
57</manifest>